<?xml version="1.0" encoding="UTF-8"?>
<testsuite name="Automation Demo Site" tests="1" skipped="0" failures="0" errors="0" timestamp="2020-07-21T03:07:36" hostname="DESKTOP-LEIQ5O6" time="44.222">
  <properties/>
  <testcase name="Registration on the page Web Automation Demo Site" classname="Automation Demo Site" time="44.222"/>
  <system-out><![CDATA[]]></system-out>
  <system-err><![CDATA[jul 20, 2020 10:07:37 PM org.openqa.selenium.remote.DesiredCapabilities chrome
INFORMACIÓN: Using `new ChromeOptions()` is preferred to `DesiredCapabilities.chrome()`
Starting ChromeDriver 83.0.4103.39 (ccbf011cb2d2b19b506d844400483861342c20cd-refs/branch-heads/4103@{#416}) on port 10716
Only local connections are allowed.
Please see https://chromedriver.chromium.org/security-considerations for suggestions on keeping ChromeDriver safe.
ChromeDriver was started successfully.
[1595300863.589][WARNING]: This version of ChromeDriver has not been tested with Chrome version 84.
jul 20, 2020 10:07:45 PM org.openqa.selenium.remote.ProtocolHandshake createSession
INFORMACIÓN: Detected dialect: W3C
[Test worker] INFO net.serenitybdd.core.Serenity - 
        __    _____ _____ ____ _____   ____   _    ____  ____  _____ ____  
  _     \ \  |_   _| ____/ ___|_   _| |  _ \ / \  / ___|/ ___|| ____|  _ \ 
 (_)_____| |   | | |  _| \___ \ | |   | |_) / _ \ \___ \\___ \|  _| | | | |
  _|_____| |   | | | |___ ___) || |   |  __/ ___ \ ___) |___) | |___| |_| |
 (_)     | |   |_| |_____|____/ |_|   |_| /_/   \_\____/|____/|_____|____/ 
        /_/                                                                

TEST PASSED: Registration on the page Web Automation Demo Site
----------------------------------------------------------------------------
]]></system-err>
</testsuite>
